<?xml version="1.0" encoding="UTF-8"?>
<!-- Generated by org.testng.reporters.JUnitXMLReporter -->
<testsuite ignored="0" hostname="MSI" failures="0" tests="13" name="Default test" time="6.669" errors="0" timestamp="2021-06-24T10:47:08 IST">
  <testcase classname="smartdevice.tests.BulbTests" name="brightnessConnectedTest" time="0.227"/>
  <testcase classname="smartdevice.tests.BulbTests" name="brightnessDisconnectedTest" time="0.13"/>
  <testcase classname="smartdevice.tests.BulbTests" name="colorConnectedTest" time="0.134"/>
  <testcase classname="smartdevice.tests.BulbTests" name="colorDisconnectedTest" time="0.143"/>
  <testcase classname="smartdevice.tests.BulbTests" name="deviceConnectInvalidTest" time="0.046"/>
  <testcase classname="smartdevice.tests.BulbTests" name="deviceConnectTest" time="0.105"/>
  <testcase classname="smartdevice.tests.BulbTests" name="invalidBrightnessTest" time="0.153"/>
  <testcase classname="smartdevice.tests.BulbTests" name="invalidcolorTest" time="0.135"/>
  <testcase classname="smartdevice.tests.BulbTests" name="listBulbsTest" time="0.177"/>
  <testcase classname="smartdevice.tests.BulbTests" name="nameConnectedTest" time="0.113"/>
  <testcase classname="smartdevice.tests.BulbTests" name="nameDisconnectedTest" time="0.086"/>
  <testcase classname="smartdevice.tests.BulbTests" name="stateConnectedTest" time="0.066"/>
  <testcase classname="smartdevice.tests.BulbTests" name="stateDisconnectedTest" time="0.089"/>
</testsuite> <!-- Default test -->
