<?xml version="1.0" encoding="UTF-8"?>
<testng-results ignored="0" total="13" passed="13" failed="0" skipped="0">
  <reporter-output>
  </reporter-output>
  <suite started-at="2021-06-24T11:11:28 IST" name="Smart Device Automation Tests" finished-at="2021-06-24T11:11:35 IST" duration-ms="6539">
    <groups>
    </groups>
    <test started-at="2021-06-24T11:11:28 IST" name="smart device bulb automation tests" finished-at="2021-06-24T11:11:35 IST" duration-ms="6539">
      <class name="smartdevice.tests.BulbTests">
        <test-method is-config="true" signature="configure()[pri:0, instance:smartdevice.tests.BulbTests@7205765b]" started-at="2021-06-24T11:11:26 IST" name="configure" finished-at="2021-06-24T11:11:28 IST" duration-ms="2010" status="PASS">
          <reporter-output>
          </reporter-output>
        </test-method> <!-- configure -->
        <test-method is-config="true" signature="prepareDevice()[pri:0, instance:smartdevice.tests.BulbTests@7205765b]" started-at="2021-06-24T11:11:28 IST" name="prepareDevice" finished-at="2021-06-24T11:11:32 IST" duration-ms="3668" status="PASS">
          <reporter-output>
          </reporter-output>
        </test-method> <!-- prepareDevice -->
        <test-method signature="brightnessConnectedTest()[pri:0, instance:smartdevice.tests.BulbTests@7205765b]" started-at="2021-06-24T11:11:32 IST" name="brightnessConnectedTest" finished-at="2021-06-24T11:11:32 IST" duration-ms="249" status="PASS">
          <reporter-output>
          </reporter-output>
        </test-method> <!-- brightnessConnectedTest -->
        <test-method is-config="true" signature="prepareDevice()[pri:0, instance:smartdevice.tests.BulbTests@7205765b]" started-at="2021-06-24T11:11:32 IST" name="prepareDevice" finished-at="2021-06-24T11:11:32 IST" duration-ms="132" status="PASS">
          <reporter-output>
          </reporter-output>
        </test-method> <!-- prepareDevice -->
        <test-method signature="brightnessDisconnectedTest()[pri:0, instance:smartdevice.tests.BulbTests@7205765b]" started-at="2021-06-24T11:11:32 IST" name="brightnessDisconnectedTest" finished-at="2021-06-24T11:11:32 IST" duration-ms="147" status="PASS">
          <reporter-output>
          </reporter-output>
        </test-method> <!-- brightnessDisconnectedTest -->
        <test-method is-config="true" signature="prepareDevice()[pri:0, instance:smartdevice.tests.BulbTests@7205765b]" started-at="2021-06-24T11:11:32 IST" name="prepareDevice" finished-at="2021-06-24T11:11:32 IST" duration-ms="108" status="PASS">
          <reporter-output>
          </reporter-output>
        </test-method> <!-- prepareDevice -->
        <test-method signature="colorConnectedTest()[pri:0, instance:smartdevice.tests.BulbTests@7205765b]" started-at="2021-06-24T11:11:32 IST" name="colorConnectedTest" finished-at="2021-06-24T11:11:33 IST" duration-ms="140" status="PASS">
          <reporter-output>
          </reporter-output>
        </test-method> <!-- colorConnectedTest -->
        <test-method is-config="true" signature="prepareDevice()[pri:0, instance:smartdevice.tests.BulbTests@7205765b]" started-at="2021-06-24T11:11:33 IST" name="prepareDevice" finished-at="2021-06-24T11:11:33 IST" duration-ms="117" status="PASS">
          <reporter-output>
          </reporter-output>
        </test-method> <!-- prepareDevice -->
        <test-method signature="colorDisconnectedTest()[pri:0, instance:smartdevice.tests.BulbTests@7205765b]" started-at="2021-06-24T11:11:33 IST" name="colorDisconnectedTest" finished-at="2021-06-24T11:11:33 IST" duration-ms="147" status="PASS">
          <reporter-output>
          </reporter-output>
        </test-method> <!-- colorDisconnectedTest -->
        <test-method is-config="true" signature="prepareDevice()[pri:0, instance:smartdevice.tests.BulbTests@7205765b]" started-at="2021-06-24T11:11:33 IST" name="prepareDevice" finished-at="2021-06-24T11:11:33 IST" duration-ms="103" status="PASS">
          <reporter-output>
          </reporter-output>
        </test-method> <!-- prepareDevice -->
        <test-method signature="deviceConnectInvalidTest()[pri:0, instance:smartdevice.tests.BulbTests@7205765b]" started-at="2021-06-24T11:11:33 IST" name="deviceConnectInvalidTest" finished-at="2021-06-24T11:11:33 IST" duration-ms="55" status="PASS">
          <reporter-output>
          </reporter-output>
        </test-method> <!-- deviceConnectInvalidTest -->
        <test-method is-config="true" signature="prepareDevice()[pri:0, instance:smartdevice.tests.BulbTests@7205765b]" started-at="2021-06-24T11:11:33 IST" name="prepareDevice" finished-at="2021-06-24T11:11:33 IST" duration-ms="96" status="PASS">
          <reporter-output>
          </reporter-output>
        </test-method> <!-- prepareDevice -->
        <test-method signature="deviceConnectTest()[pri:0, instance:smartdevice.tests.BulbTests@7205765b]" started-at="2021-06-24T11:11:33 IST" name="deviceConnectTest" finished-at="2021-06-24T11:11:33 IST" duration-ms="96" status="PASS">
          <reporter-output>
          </reporter-output>
        </test-method> <!-- deviceConnectTest -->
        <test-method is-config="true" signature="prepareDevice()[pri:0, instance:smartdevice.tests.BulbTests@7205765b]" started-at="2021-06-24T11:11:33 IST" name="prepareDevice" finished-at="2021-06-24T11:11:33 IST" duration-ms="105" status="PASS">
          <reporter-output>
          </reporter-output>
        </test-method> <!-- prepareDevice -->
        <test-method signature="invalidBrightnessTest()[pri:0, instance:smartdevice.tests.BulbTests@7205765b]" started-at="2021-06-24T11:11:33 IST" name="invalidBrightnessTest" finished-at="2021-06-24T11:11:33 IST" duration-ms="53" status="PASS">
          <reporter-output>
          </reporter-output>
        </test-method> <!-- invalidBrightnessTest -->
        <test-method is-config="true" signature="prepareDevice()[pri:0, instance:smartdevice.tests.BulbTests@7205765b]" started-at="2021-06-24T11:11:33 IST" name="prepareDevice" finished-at="2021-06-24T11:11:33 IST" duration-ms="92" status="PASS">
          <reporter-output>
          </reporter-output>
        </test-method> <!-- prepareDevice -->
        <test-method signature="invalidcolorTest()[pri:0, instance:smartdevice.tests.BulbTests@7205765b]" started-at="2021-06-24T11:11:33 IST" name="invalidcolorTest" finished-at="2021-06-24T11:11:34 IST" duration-ms="153" status="PASS">
          <reporter-output>
          </reporter-output>
        </test-method> <!-- invalidcolorTest -->
        <test-method is-config="true" signature="prepareDevice()[pri:0, instance:smartdevice.tests.BulbTests@7205765b]" started-at="2021-06-24T11:11:34 IST" name="prepareDevice" finished-at="2021-06-24T11:11:34 IST" duration-ms="93" status="PASS">
          <reporter-output>
          </reporter-output>
        </test-method> <!-- prepareDevice -->
        <test-method signature="listBulbsTest()[pri:0, instance:smartdevice.tests.BulbTests@7205765b]" started-at="2021-06-24T11:11:34 IST" name="listBulbsTest" finished-at="2021-06-24T11:11:34 IST" duration-ms="173" status="PASS">
          <reporter-output>
          </reporter-output>
        </test-method> <!-- listBulbsTest -->
        <test-method is-config="true" signature="prepareDevice()[pri:0, instance:smartdevice.tests.BulbTests@7205765b]" started-at="2021-06-24T11:11:34 IST" name="prepareDevice" finished-at="2021-06-24T11:11:34 IST" duration-ms="98" status="PASS">
          <reporter-output>
          </reporter-output>
        </test-method> <!-- prepareDevice -->
        <test-method signature="nameConnectedTest()[pri:0, instance:smartdevice.tests.BulbTests@7205765b]" started-at="2021-06-24T11:11:34 IST" name="nameConnectedTest" finished-at="2021-06-24T11:11:34 IST" duration-ms="111" status="PASS">
          <reporter-output>
          </reporter-output>
        </test-method> <!-- nameConnectedTest -->
        <test-method is-config="true" signature="prepareDevice()[pri:0, instance:smartdevice.tests.BulbTests@7205765b]" started-at="2021-06-24T11:11:34 IST" name="prepareDevice" finished-at="2021-06-24T11:11:34 IST" duration-ms="81" status="PASS">
          <reporter-output>
          </reporter-output>
        </test-method> <!-- prepareDevice -->
        <test-method signature="nameDisconnectedTest()[pri:0, instance:smartdevice.tests.BulbTests@7205765b]" started-at="2021-06-24T11:11:34 IST" name="nameDisconnectedTest" finished-at="2021-06-24T11:11:34 IST" duration-ms="86" status="PASS">
          <reporter-output>
          </reporter-output>
        </test-method> <!-- nameDisconnectedTest -->
        <test-method is-config="true" signature="prepareDevice()[pri:0, instance:smartdevice.tests.BulbTests@7205765b]" started-at="2021-06-24T11:11:34 IST" name="prepareDevice" finished-at="2021-06-24T11:11:34 IST" duration-ms="96" status="PASS">
          <reporter-output>
          </reporter-output>
        </test-method> <!-- prepareDevice -->
        <test-method signature="stateConnectedTest()[pri:0, instance:smartdevice.tests.BulbTests@7205765b]" started-at="2021-06-24T11:11:34 IST" name="stateConnectedTest" finished-at="2021-06-24T11:11:34 IST" duration-ms="54" status="PASS">
          <reporter-output>
          </reporter-output>
        </test-method> <!-- stateConnectedTest -->
        <test-method is-config="true" signature="prepareDevice()[pri:0, instance:smartdevice.tests.BulbTests@7205765b]" started-at="2021-06-24T11:11:34 IST" name="prepareDevice" finished-at="2021-06-24T11:11:34 IST" duration-ms="84" status="PASS">
          <reporter-output>
          </reporter-output>
        </test-method> <!-- prepareDevice -->
        <test-method signature="stateDisconnectedTest()[pri:0, instance:smartdevice.tests.BulbTests@7205765b]" started-at="2021-06-24T11:11:34 IST" name="stateDisconnectedTest" finished-at="2021-06-24T11:11:35 IST" duration-ms="93" status="PASS">
          <reporter-output>
          </reporter-output>
        </test-method> <!-- stateDisconnectedTest -->
      </class> <!-- smartdevice.tests.BulbTests -->
    </test> <!-- smart device bulb automation tests -->
  </suite> <!-- Smart Device Automation Tests -->
</testng-results>
