<?xml version="1.0" encoding="UTF-8"?>
<!-- Generated by org.testng.reporters.JUnitXMLReporter -->
<testsuite ignored="0" hostname="MSI" failures="0" tests="13" name="smart device bulb automation tests" time="6.539" errors="0" timestamp="2021-06-24T11:11:35 IST">
  <testcase classname="smartdevice.tests.BulbTests" name="brightnessConnectedTest" time="0.249"/>
  <testcase classname="smartdevice.tests.BulbTests" name="brightnessDisconnectedTest" time="0.147"/>
  <testcase classname="smartdevice.tests.BulbTests" name="colorConnectedTest" time="0.14"/>
  <testcase classname="smartdevice.tests.BulbTests" name="colorDisconnectedTest" time="0.147"/>
  <testcase classname="smartdevice.tests.BulbTests" name="deviceConnectInvalidTest" time="0.055"/>
  <testcase classname="smartdevice.tests.BulbTests" name="deviceConnectTest" time="0.096"/>
  <testcase classname="smartdevice.tests.BulbTests" name="invalidBrightnessTest" time="0.053"/>
  <testcase classname="smartdevice.tests.BulbTests" name="invalidcolorTest" time="0.153"/>
  <testcase classname="smartdevice.tests.BulbTests" name="listBulbsTest" time="0.173"/>
  <testcase classname="smartdevice.tests.BulbTests" name="nameConnectedTest" time="0.111"/>
  <testcase classname="smartdevice.tests.BulbTests" name="nameDisconnectedTest" time="0.086"/>
  <testcase classname="smartdevice.tests.BulbTests" name="stateConnectedTest" time="0.054"/>
  <testcase classname="smartdevice.tests.BulbTests" name="stateDisconnectedTest" time="0.093"/>
</testsuite> <!-- smart device bulb automation tests -->
